\BOOKMARK [-1][]{part.1}{\376\377\000P\000a\000r\000t\000\040\0001\000.\000\040\000\040\000F\000o\000u\000n\000d\000a\000t\000i\000o\000n\000s\000\040\000a\000n\000d\000\040\000F\000r\000a\000m\000e\000w\000o\000r\000k\000s}{}% 1
\BOOKMARK [0][]{chapter.1}{\376\377\000C\000h\000a\000p\000t\000e\000r\000\040\0001\000.\000\040\000I\000n\000t\000r\000o\000d\000u\000c\000t\000i\000o\000n\000\040\040\024\000\040\000W\000h\000y\000\040\000F\000i\000e\000l\000d\000\040\000T\000h\000e\000o\000r\000y\000\040\000f\000o\000r\000\040\000C\000h\000e\000m\000i\000s\000t\000r\000y\000?}{part.1}% 2
\BOOKMARK [1][]{section.1.1}{\376\377\0001\000.\000\040\000M\000o\000t\000i\000v\000a\000t\000i\000o\000n\000:\000\040\000T\000h\000e\000\040\000T\000w\000o\000\040\000P\000i\000l\000l\000a\000r\000s\000\040\040\023\000\040\000Q\000F\000T\000\040\000a\000n\000d\000\040\000Q\000C}{chapter.1}% 3
\BOOKMARK [1][]{section.1.2}{\376\377\0002\000.\000\040\000T\000h\000e\000\040\000C\000o\000r\000e\000\040\000I\000d\000e\000a\000:\000\040\000M\000o\000l\000e\000c\000u\000l\000e\000s\000\040\000a\000s\000\040\000C\000o\000m\000p\000o\000s\000i\000t\000e\000\040\000Q\000u\000a\000s\000i\000-\000p\000a\000r\000t\000i\000c\000l\000e\000s}{chapter.1}% 4
\BOOKMARK [1][]{section.1.3}{\376\377\0003\000.\000\040\000S\000c\000o\000p\000e\000\040\000a\000n\000d\000\040\000O\000b\000j\000e\000c\000t\000i\000v\000e\000s\000\040\000o\000f\000\040\000t\000h\000e\000\040\000B\000o\000o\000k}{chapter.1}% 5
\BOOKMARK [1][]{section.1.4}{\376\377\0004\000.\000\040\000R\000o\000a\000d\000m\000a\000p\000:\000\040\000S\000t\000r\000u\000c\000t\000u\000r\000e\000\040\000o\000f\000\040\000t\000h\000e\000\040\000B\000o\000o\000k}{chapter.1}% 6
\BOOKMARK [0][]{chapter.2}{\376\377\000C\000h\000a\000p\000t\000e\000r\000\040\0002\000.\000\040\000M\000a\000t\000h\000e\000m\000a\000t\000i\000c\000a\000l\000\040\000a\000n\000d\000\040\000P\000h\000y\000s\000i\000c\000a\000l\000\040\000F\000o\000u\000n\000d\000a\000t\000i\000o\000n\000s}{part.1}% 7
\BOOKMARK [1][]{section.2.1}{\376\377\0001\000.\000\040\000H\000i\000l\000b\000e\000r\000t\000\040\000S\000p\000a\000c\000e\000,\000\040\000F\000o\000c\000k\000\040\000S\000p\000a\000c\000e\000,\000\040\000a\000n\000d\000\040\000O\000c\000c\000u\000p\000a\000t\000i\000o\000n\000\040\000N\000u\000m\000b\000e\000r\000\040\000R\000e\000p\000r\000e\000s\000e\000n\000t\000a\000t\000i\000o\000n}{chapter.2}% 8
\BOOKMARK [1][]{section.2.2}{\376\377\0002\000.\000\040\000S\000e\000c\000o\000n\000d\000\040\000Q\000u\000a\000n\000t\000i\000z\000a\000t\000i\000o\000n\000\040\000F\000o\000r\000m\000a\000l\000i\000s\000m}{chapter.2}% 9
\BOOKMARK [1][]{section.2.3}{\376\377\0003\000.\000\040\000E\000s\000s\000e\000n\000t\000i\000a\000l\000s\000\040\000o\000f\000\040\000Q\000u\000a\000n\000t\000u\000m\000\040\000F\000i\000e\000l\000d\000\040\000T\000h\000e\000o\000r\000y\000\040\000\050\000Q\000E\000D\000\040\000S\000k\000e\000t\000c\000h\000\051}{chapter.2}% 10
\BOOKMARK [1][]{section.2.4}{\376\377\0004\000.\000\040\000B\000o\000u\000n\000d\000\040\000S\000t\000a\000t\000e\000s\000\040\000i\000n\000\040\000Q\000u\000a\000n\000t\000u\000m\000\040\000F\000i\000e\000l\000d\000\040\000T\000h\000e\000o\000r\000y}{chapter.2}% 11
\BOOKMARK [1][]{section.2.5}{\376\377\0005\000.\000\040\000A\000\040\000N\000o\000t\000e\000\040\000o\000n\000\040\000N\000o\000t\000a\000t\000i\000o\000n\000\040\000a\000n\000d\000\040\000C\000o\000n\000v\000e\000n\000t\000i\000o\000n\000s}{chapter.2}% 12
\BOOKMARK [0][]{chapter.3}{\376\377\000C\000h\000a\000p\000t\000e\000r\000\040\0003\000.\000\040\000Q\000u\000a\000n\000t\000u\000m\000\040\000C\000h\000e\000m\000i\000s\000t\000r\000y\000\040\040\024\000\040\000S\000t\000a\000n\000d\000a\000r\000d\000\040\000F\000r\000a\000m\000e\000w\000o\000r\000k\000s\000\040\000R\000e\000v\000i\000s\000i\000t\000e\000d}{part.1}% 13
\BOOKMARK [1][]{section.3.1}{\376\377\0001\000.\000\040\000T\000h\000e\000\040\000B\000o\000r\000n\000-\000O\000p\000p\000e\000n\000h\000e\000i\000m\000e\000r\000\040\000A\000p\000p\000r\000o\000x\000i\000m\000a\000t\000i\000o\000n\000\040\000a\000s\000\040\000E\000f\000f\000e\000c\000t\000i\000v\000e\000\040\000T\000h\000e\000o\000r\000y}{chapter.3}% 14
\BOOKMARK [1][]{section.3.2}{\376\377\0002\000.\000\040\000E\000l\000e\000c\000t\000r\000o\000n\000i\000c\000\040\000S\000t\000r\000u\000c\000t\000u\000r\000e\000\040\000M\000e\000t\000h\000o\000d\000s\000:\000\040\000H\000F\000,\000\040\000C\000I\000,\000\040\000C\000C\000,\000\040\000M\000P\000n\000,\000\040\000D\000F\000T}{chapter.3}% 15
\BOOKMARK [1][]{section.3.3}{\376\377\0003\000.\000\040\000R\000e\000l\000a\000t\000i\000v\000i\000s\000t\000i\000c\000\040\000E\000f\000f\000e\000c\000t\000s\000\040\000i\000n\000\040\000Q\000u\000a\000n\000t\000u\000m\000\040\000C\000h\000e\000m\000i\000s\000t\000r\000y}{chapter.3}% 16
\BOOKMARK [1][]{section.3.4}{\376\377\0004\000.\000\040\000L\000i\000g\000h\000t\000-\000M\000a\000t\000t\000e\000r\000\040\000I\000n\000t\000e\000r\000a\000c\000t\000i\000o\000n\000s\000:\000\040\000S\000e\000m\000i\000-\000C\000l\000a\000s\000s\000i\000c\000a\000l\000\040\000v\000s\000.\000\040\000Q\000E\000D}{chapter.3}% 17
\BOOKMARK [1][]{section.3.5}{\376\377\0005\000.\000\040\000I\000d\000e\000n\000t\000i\000f\000y\000i\000n\000g\000\040\000G\000a\000p\000s\000\040\000a\000n\000d\000\040\000Q\000F\000T\000\040\000C\000o\000n\000n\000e\000c\000t\000i\000o\000n\000s}{chapter.3}% 18
\BOOKMARK [-1][]{part.2}{\376\377\000P\000a\000r\000t\000\040\0002\000.\000\040\000\040\000M\000o\000l\000e\000c\000u\000l\000a\000r\000\040\000O\000p\000e\000r\000a\000t\000o\000r\000s\000\040\000a\000n\000d\000\040\000E\000f\000f\000e\000c\000t\000i\000v\000e\000\040\000F\000i\000e\000l\000d\000\040\000T\000h\000e\000o\000r\000y}{}% 19
\BOOKMARK [0][]{chapter.4}{\376\377\000C\000h\000a\000p\000t\000e\000r\000\040\0004\000.\000\040\000M\000o\000l\000e\000c\000u\000l\000a\000r\000\040\000C\000r\000e\000a\000t\000i\000o\000n\000\040\000a\000n\000d\000\040\000A\000n\000n\000i\000h\000i\000l\000a\000t\000i\000o\000n\000\040\000O\000p\000e\000r\000a\000t\000o\000r\000s}{part.2}% 20
\BOOKMARK [1][]{section.4.1}{\376\377\0001\000.\000\040\000T\000h\000e\000\040\000C\000h\000e\000m\000i\000c\000a\000l\000\040\000R\000e\000f\000e\000r\000e\000n\000c\000e\000\040\000S\000t\000a\000t\000e\000\040\000|\000R\000e\000f\047\351}{chapter.4}% 21
\BOOKMARK [1][]{section.4.2}{\376\377\0002\000.\000\040\000F\000o\000r\000m\000a\000l\000\040\000C\000o\000n\000s\000t\000r\000u\000c\000t\000i\000o\000n\000\040\000o\000f\000\040\000M\040\040\000\137\003\261}{chapter.4}% 22
\BOOKMARK [1][]{section.4.3}{\376\377\0003\000.\000\040\000P\000r\000o\000p\000e\000r\000t\000i\000e\000s\000\040\000o\000f\000\040\000M\000o\000l\000e\000c\000u\000l\000a\000r\000\040\000O\000p\000e\000r\000a\000t\000o\000r\000s}{chapter.4}% 23
\BOOKMARK [1][]{section.4.4}{\376\377\0004\000.\000\040\000E\000x\000a\000m\000p\000l\000e\000:\000\040\000T\000h\000e\000\040\000H\000y\000d\000r\000o\000g\000e\000n\000\040\000M\000o\000l\000e\000c\000u\000l\000e\000\040\000\050\000H\0002\000\051}{chapter.4}% 24
\BOOKMARK [1][]{section.4.5}{\376\377\0005\000.\000\040\000O\000u\000t\000l\000o\000o\000k}{chapter.4}% 25
\BOOKMARK [0][]{chapter.5}{\376\377\000C\000h\000a\000p\000t\000e\000r\000\040\0005\000.\000\040\000A\000l\000g\000e\000b\000r\000a\000i\000c\000\040\000S\000t\000r\000u\000c\000t\000u\000r\000e\000\040\000o\000f\000\040\000M\000o\000l\000e\000c\000u\000l\000a\000r\000\040\000O\000p\000e\000r\000a\000t\000o\000r\000s}{part.2}% 26
\BOOKMARK [1][]{section.5.1}{\376\377\0001\000.\000\040\000\050\000A\000n\000t\000i\000\051\000C\000o\000m\000m\000u\000t\000a\000t\000i\000o\000n\000\040\000R\000e\000l\000a\000t\000i\000o\000n\000s}{chapter.5}% 27
\BOOKMARK [1][]{section.5.2}{\376\377\0002\000.\000\040\000C\000o\000m\000p\000o\000s\000i\000t\000e\000n\000e\000s\000s\000\040\000a\000n\000d\000\040\000N\000o\000n\000-\000C\000a\000n\000o\000n\000i\000c\000a\000l\000\040\000B\000e\000h\000a\000v\000i\000o\000r}{chapter.5}% 28
\BOOKMARK [1][]{section.5.3}{\376\377\0003\000.\000\040\000A\000p\000p\000r\000o\000x\000i\000m\000a\000t\000e\000\040\000C\000a\000n\000o\000n\000i\000c\000a\000l\000\040\000B\000e\000h\000a\000v\000i\000o\000r\000\040\000i\000n\000\040\000P\000h\000y\000s\000i\000c\000a\000l\000\040\000L\000i\000m\000i\000t\000s}{chapter.5}% 29
\BOOKMARK [1][]{section.5.4}{\376\377\0004\000.\000\040\000S\000y\000m\000m\000e\000t\000r\000i\000e\000s\000\040\000a\000n\000d\000\040\000C\000o\000n\000s\000e\000r\000v\000e\000d\000\040\000Q\000u\000a\000n\000t\000i\000t\000i\000e\000s}{chapter.5}% 30
\BOOKMARK [1][]{section.5.5}{\376\377\0005\000.\000\040\000S\000u\000m\000m\000a\000r\000y}{chapter.5}% 31
\BOOKMARK [0][]{chapter.6}{\376\377\000C\000h\000a\000p\000t\000e\000r\000\040\0006\000.\000\040\000E\000f\000f\000e\000c\000t\000i\000v\000e\000\040\000F\000i\000e\000l\000d\000\040\000T\000h\000e\000o\000r\000y\000\040\000\050\000E\000F\000T\000\051\000\040\000f\000o\000r\000\040\000M\000o\000l\000e\000c\000u\000l\000a\000r\000\040\000S\000y\000s\000t\000e\000m\000s}{part.2}% 32
\BOOKMARK [1][]{section.6.1}{\376\377\0001\000.\000\040\000F\000r\000o\000m\000\040\000O\000p\000e\000r\000a\000t\000o\000r\000s\000\040\000t\000o\000\040\000F\000i\000e\000l\000d\000s\000:\000\040\000I\000n\000t\000r\000o\000d\000u\000c\000i\000n\000g\000\040\000M\000a\000l\000p\000h\000a\000\050\000x\000\051}{chapter.6}% 33
\BOOKMARK [1][]{section.6.2}{\376\377\0002\000.\000\040\000C\000o\000n\000s\000t\000r\000u\000c\000t\000i\000n\000g\000\040\000t\000h\000e\000\040\000E\000f\000f\000e\000c\000t\000i\000v\000e\000\040\000L\000a\000g\000r\000a\000n\000g\000i\000a\000n\000\040\000L\000e\000f\000f}{chapter.6}% 34
\BOOKMARK [1][]{section.6.3}{\376\377\0003\000.\000\040\000M\000a\000t\000c\000h\000i\000n\000g\000\040\000t\000o\000\040\000Q\000u\000a\000n\000t\000u\000m\000\040\000C\000h\000e\000m\000i\000s\000t\000r\000y\000\040\000a\000n\000d\000\040\000E\000x\000p\000e\000r\000i\000m\000e\000n\000t}{chapter.6}% 35
\BOOKMARK [1][]{section.6.4}{\376\377\0004\000.\000\040\000P\000o\000w\000e\000r\000\040\000C\000o\000u\000n\000t\000i\000n\000g\000\040\000a\000n\000d\000\040\000V\000a\000l\000i\000d\000i\000t\000y}{chapter.6}% 36
\BOOKMARK [1][]{section.6.5}{\376\377\0005\000.\000\040\000F\000e\000y\000n\000m\000a\000n\000\040\000R\000u\000l\000e\000s\000\040\000f\000o\000r\000\040\000M\000o\000l\000e\000c\000u\000l\000a\000r\000\040\000E\000F\000T}{chapter.6}% 37
\BOOKMARK [1][]{section.6.6}{\376\377\0006\000.\000\040\000O\000p\000t\000i\000o\000n\000a\000l\000:\000\040\000R\000e\000n\000o\000r\000m\000a\000l\000i\000z\000a\000t\000i\000o\000n\000\040\000G\000r\000o\000u\000p\000\040\000C\000o\000n\000c\000e\000p\000t\000s}{chapter.6}% 38
\BOOKMARK [1][]{section*.22}{\376\377\000S\000u\000m\000m\000a\000r\000y}{chapter.6}% 39
\BOOKMARK [-1][]{part.3}{\376\377\000P\000a\000r\000t\000\040\0003\000.\000\040\000\040\000A\000p\000p\000l\000i\000c\000a\000t\000i\000o\000n\000s\000\040\000a\000n\000d\000\040\000O\000u\000t\000l\000o\000o\000k}{}% 40
\BOOKMARK [0][]{chapter.7}{\376\377\000C\000h\000a\000p\000t\000e\000r\000\040\0007\000.\000\040\000P\000a\000t\000h\000\040\000I\000n\000t\000e\000g\000r\000a\000l\000\040\000F\000o\000r\000m\000u\000l\000a\000t\000i\000o\000n\000\040\000a\000n\000d\000\040\000S\000t\000a\000t\000i\000s\000t\000i\000c\000a\000l\000\040\000E\000n\000s\000e\000m\000b\000l\000e\000s}{part.3}% 41
\BOOKMARK [1][]{section.7.1}{\376\377\0001\000.\000\040\000P\000a\000t\000h\000\040\000I\000n\000t\000e\000g\000r\000a\000l\000s\000\040\000f\000o\000r\000\040\000M\000o\000l\000e\000c\000u\000l\000a\000r\000\040\000F\000i\000e\000l\000d\000s}{chapter.7}% 42
\BOOKMARK [1][]{section.7.2}{\376\377\0002\000.\000\040\000S\000t\000a\000t\000i\000s\000t\000i\000c\000a\000l\000\040\000M\000e\000c\000h\000a\000n\000i\000c\000s\000\040\000o\000f\000\040\000M\000o\000l\000e\000c\000u\000l\000a\000r\000\040\000F\000l\000u\000i\000d\000s}{chapter.7}% 43
\BOOKMARK [1][]{section.7.3}{\376\377\0003\000.\000\040\000R\000e\000a\000c\000t\000i\000o\000n\000\040\000D\000y\000n\000a\000m\000i\000c\000s\000\040\000f\000r\000o\000m\000\040\000P\000a\000t\000h\000\040\000I\000n\000t\000e\000g\000r\000a\000l\000s}{chapter.7}% 44
\BOOKMARK [1][]{section.7.4}{\376\377\0004\000.\000\040\000O\000p\000e\000n\000\040\000Q\000u\000a\000n\000t\000u\000m\000\040\000S\000y\000s\000t\000e\000m\000s\000\040\000a\000n\000d\000\040\000E\000n\000v\000i\000r\000o\000n\000m\000e\000n\000t\000a\000l\000\040\000C\000o\000u\000p\000l\000i\000n\000g}{chapter.7}% 45
\BOOKMARK [1][]{section.7.5}{\376\377\0005\000.\000\040\000G\000r\000a\000n\000d\000\040\000C\000a\000n\000o\000n\000i\000c\000a\000l\000\040\000F\000o\000r\000m\000u\000l\000a\000t\000i\000o\000n}{chapter.7}% 46
\BOOKMARK [1][]{section*.23}{\376\377\000S\000u\000m\000m\000a\000r\000y}{chapter.7}% 47
\BOOKMARK [0][]{chapter.8}{\376\377\000C\000h\000a\000p\000t\000e\000r\000\040\0008\000.\000\040\000C\000a\000s\000e\000\040\000S\000t\000u\000d\000i\000e\000s\000\040\000a\000n\000d\000\040\000I\000l\000l\000u\000s\000t\000r\000a\000t\000i\000v\000e\000\040\000E\000x\000a\000m\000p\000l\000e\000s}{part.3}% 48
\BOOKMARK [1][]{section.8.1}{\376\377\0001\000.\000\040\000E\000x\000a\000m\000p\000l\000e\000\040\0001\000:\000\040\000A\000\040\000B\000i\000m\000o\000l\000e\000c\000u\000l\000a\000r\000\040\000R\000e\000a\000c\000t\000i\000o\000n\000\040\040\024\000\040\000H\000\040\000+\000\040\000D\000\040\000<\000=\000>\000\040\000H\000D}{chapter.8}% 49
\BOOKMARK [1][]{section.8.2}{\376\377\0002\000.\000\040\000E\000x\000a\000m\000p\000l\000e\000\040\0002\000:\000\040\000U\000l\000t\000r\000a\000c\000o\000l\000d\000\040\000D\000i\000a\000t\000o\000m\000i\000c\000\040\000M\000o\000l\000e\000c\000u\000l\000e\000s\000\040\000a\000n\000d\000\040\000B\000E\000C}{chapter.8}% 50
\BOOKMARK [1][]{section.8.3}{\376\377\0003\000.\000\040\000E\000x\000a\000m\000p\000l\000e\000\040\0003\000:\000\040\000S\000p\000e\000c\000t\000r\000o\000s\000c\000o\000p\000i\000c\000\040\000T\000r\000a\000n\000s\000i\000t\000i\000o\000n\000\040\000a\000s\000\040\000F\000i\000e\000l\000d\000\040\000C\000o\000u\000p\000l\000i\000n\000g}{chapter.8}% 51
\BOOKMARK [1][]{section*.24}{\376\377\000C\000o\000n\000c\000l\000u\000s\000i\000o\000n}{chapter.8}% 52
\BOOKMARK [0][]{chapter.9}{\376\377\000C\000h\000a\000p\000t\000e\000r\000\040\0009\000.\000\040\000O\000u\000t\000l\000o\000o\000k\000\040\000a\000n\000d\000\040\000F\000u\000t\000u\000r\000e\000\040\000D\000i\000r\000e\000c\000t\000i\000o\000n\000s}{part.3}% 53
\BOOKMARK [1][]{section.9.1}{\376\377\0001\000.\000\040\000F\000r\000o\000m\000\040\000F\000o\000r\000m\000a\000l\000i\000s\000m\000\040\000t\000o\000\040\000C\000o\000m\000p\000u\000t\000a\000t\000i\000o\000n}{chapter.9}% 54
\BOOKMARK [1][]{section.9.2}{\376\377\0002\000.\000\040\000R\000e\000l\000a\000t\000i\000v\000i\000s\000t\000i\000c\000\040\000a\000n\000d\000\040\000Q\000E\000D\000\040\000E\000x\000t\000e\000n\000s\000i\000o\000n\000s}{chapter.9}% 55
\BOOKMARK [1][]{section.9.3}{\376\377\0003\000.\000\040\000O\000p\000e\000n\000\040\000Q\000u\000a\000n\000t\000u\000m\000\040\000S\000y\000s\000t\000e\000m\000s\000\040\000a\000n\000d\000\040\000Q\000u\000a\000n\000t\000u\000m\000\040\000T\000h\000e\000r\000m\000o\000d\000y\000n\000a\000m\000i\000c\000s}{chapter.9}% 56
\BOOKMARK [1][]{section.9.4}{\376\377\0004\000.\000\040\000Q\000u\000a\000n\000t\000u\000m\000\040\000I\000n\000f\000o\000r\000m\000a\000t\000i\000o\000n\000\040\000a\000n\000d\000\040\000F\000i\000e\000l\000d\000-\000B\000a\000s\000e\000d\000\040\000E\000n\000c\000o\000d\000i\000n\000g}{chapter.9}% 57
\BOOKMARK [1][]{section.9.5}{\376\377\0005\000.\000\040\000C\000o\000n\000n\000e\000c\000t\000i\000o\000n\000s\000\040\000t\000o\000\040\000N\000u\000c\000l\000e\000a\000r\000\040\000a\000n\000d\000\040\000C\000o\000n\000d\000e\000n\000s\000e\000d\000\040\000M\000a\000t\000t\000e\000r\000\040\000P\000h\000y\000s\000i\000c\000s}{chapter.9}% 58
\BOOKMARK [1][]{section*.25}{\376\377\000F\000i\000n\000a\000l\000\040\000R\000e\000m\000a\000r\000k\000s}{chapter.9}% 59
\BOOKMARK [-1][]{part*.26}{\376\377\000A\000p\000p\000e\000n\000d\000i\000c\000e\000s}{}% 60
\BOOKMARK [0][]{appendix.A}{\376\377\000A\000p\000p\000e\000n\000d\000i\000x\000\040\000A\000.\000\040\000D\000e\000t\000a\000i\000l\000e\000d\000\040\000M\000a\000t\000h\000e\000m\000a\000t\000i\000c\000a\000l\000\040\000D\000e\000r\000i\000v\000a\000t\000i\000o\000n\000s}{part*.26}% 61
\BOOKMARK [1][]{section.A.1}{\376\377\0001\000.\000\040\000M\000o\000l\000e\000c\000u\000l\000a\000r\000\040\000O\000p\000e\000r\000a\000t\000o\000r\000\040\000A\000l\000g\000e\000b\000r\000a\000\040\000D\000e\000t\000a\000i\000l\000s}{appendix.A}% 62
\BOOKMARK [1][]{section.A.2}{\376\377\0002\000.\000\040\000A\000\040\000T\000o\000y\000\040\000M\000o\000d\000e\000l\000\040\000o\000f\000\040\000M\000o\000l\000e\000c\000u\000l\000a\000r\000\040\000O\000p\000e\000r\000a\000t\000o\000r\000\040\000C\000o\000n\000s\000t\000r\000u\000c\000t\000i\000o\000n}{appendix.A}% 63
\BOOKMARK [1][]{section.A.3}{\376\377\0003\000.\000\040\000P\000a\000t\000h\000\040\000I\000n\000t\000e\000g\000r\000a\000l\000\040\000F\000o\000r\000m\000a\000l\000i\000s\000m\000:\000\040\000T\000e\000c\000h\000n\000i\000c\000a\000l\000\040\000D\000e\000t\000a\000i\000l\000s}{appendix.A}% 64
\BOOKMARK [1][]{section.A.4}{\376\377\0004\000.\000\040\000E\000F\000T\000\040\000M\000a\000t\000c\000h\000i\000n\000g\000\040\000E\000x\000a\000m\000p\000l\000e\000s}{appendix.A}% 65
\BOOKMARK [0][]{appendix.A}{\376\377\000A\000p\000p\000e\000n\000d\000i\000x\000\040\000A\000.\000\040\000G\000l\000o\000s\000s\000a\000r\000y\000\040\000a\000n\000d\000\040\000N\000o\000t\000a\000t\000i\000o\000n\000\040\000S\000u\000m\000m\000a\000r\000y}{part*.26}% 66
\BOOKMARK [1][]{section.A.1}{\376\377\0001\000.\000\040\000G\000e\000n\000e\000r\000a\000l\000\040\000M\000a\000t\000h\000e\000m\000a\000t\000i\000c\000a\000l\000\040\000S\000y\000m\000b\000o\000l\000s}{appendix.A}% 67
\BOOKMARK [1][]{section.A.2}{\376\377\0002\000.\000\040\000M\000a\000t\000h\000e\000m\000a\000t\000i\000c\000a\000l\000\040\000S\000e\000t\000s\000\040\000a\000n\000d\000\040\000F\000u\000n\000c\000t\000i\000o\000n\000\040\000S\000p\000a\000c\000e\000s}{appendix.A}% 68
\BOOKMARK [1][]{section.A.3}{\376\377\0003\000.\000\040\000S\000p\000a\000c\000e\000s\000\040\000a\000n\000d\000\040\000S\000t\000a\000t\000e\000s}{appendix.A}% 69
\BOOKMARK [1][]{section.A.4}{\376\377\0004\000.\000\040\000O\000p\000e\000r\000a\000t\000o\000r\000s}{appendix.A}% 70
\BOOKMARK [1][]{section.A.5}{\376\377\0005\000.\000\040\000F\000i\000e\000l\000d\000s}{appendix.A}% 71
\BOOKMARK [1][]{section.A.6}{\376\377\0006\000.\000\040\000L\000a\000g\000r\000a\000n\000g\000i\000a\000n\000s\000\040\000a\000n\000d\000\040\000P\000a\000r\000t\000i\000t\000i\000o\000n\000\040\000F\000u\000n\000c\000t\000i\000o\000n\000s}{appendix.A}% 72
\BOOKMARK [1][]{section.A.7}{\376\377\0007\000.\000\040\000T\000h\000e\000r\000m\000o\000d\000y\000n\000a\000m\000i\000c\000\040\000Q\000u\000a\000n\000t\000i\000t\000i\000e\000s}{appendix.A}% 73
\BOOKMARK [1][]{section.A.8}{\376\377\0008\000.\000\040\000E\000F\000T\000\040\000P\000a\000r\000a\000m\000e\000t\000e\000r\000s}{appendix.A}% 74
\BOOKMARK [1][]{section.A.9}{\376\377\0009\000.\000\040\000A\000c\000r\000o\000n\000y\000m\000s}{appendix.A}% 75
\BOOKMARK [0][]{appendix.B}{\376\377\000A\000p\000p\000e\000n\000d\000i\000x\000\040\000B\000.\000\040\000A\000d\000v\000a\000n\000c\000e\000d\000\040\000T\000e\000c\000h\000n\000i\000q\000u\000e\000s\000\040\000a\000n\000d\000\040\000T\000h\000e\000o\000r\000e\000t\000i\000c\000a\000l\000\040\000T\000o\000o\000l\000s}{part*.26}% 76
\BOOKMARK [1][]{section.B.1}{\376\377\0001\000.\000\040\000R\000e\000n\000o\000r\000m\000a\000l\000i\000z\000a\000t\000i\000o\000n\000\040\000G\000r\000o\000u\000p\000\040\000a\000n\000d\000\040\000S\000c\000a\000l\000e\000\040\000D\000e\000p\000e\000n\000d\000e\000n\000c\000e}{appendix.B}% 77
\BOOKMARK [1][]{section.B.2}{\376\377\0002\000.\000\040\000C\000o\000m\000p\000o\000s\000i\000t\000e\000\040\000P\000a\000r\000t\000i\000c\000l\000e\000\040\000O\000p\000e\000r\000a\000t\000o\000r\000s\000\040\000a\000n\000d\000\040\000A\000l\000g\000e\000b\000r\000a}{appendix.B}% 78
\BOOKMARK [1][]{section.B.3}{\376\377\0003\000.\000\040\000I\000n\000s\000t\000a\000n\000t\000o\000n\000\040\000M\000e\000t\000h\000o\000d\000s\000\040\000i\000n\000\040\000C\000h\000e\000m\000i\000c\000a\000l\000\040\000D\000y\000n\000a\000m\000i\000c\000s}{appendix.B}% 79
\BOOKMARK [1][]{section.B.4}{\376\377\0004\000.\000\040\000P\000a\000t\000h\000\040\000I\000n\000t\000e\000g\000r\000a\000l\000\040\000M\000o\000n\000t\000e\000\040\000C\000a\000r\000l\000o\000\040\000a\000n\000d\000\040\000S\000a\000m\000p\000l\000i\000n\000g\000\040\000T\000e\000c\000h\000n\000i\000q\000u\000e\000s}{appendix.B}% 80
\BOOKMARK [1][]{section*.40}{\376\377\000R\000e\000f\000e\000r\000e\000n\000c\000e\000s\000\040\000a\000n\000d\000\040\000F\000u\000r\000t\000h\000e\000r\000\040\000R\000e\000a\000d\000i\000n\000g}{appendix.B}% 81
